2026-03-23 19:07:23 | INFO     | agent.database                      | Connected to MongoDB: game_testing
2026-03-23 19:07:31 | INFO     | agent.services.android_build_runner | Downloading build from gs://rovix_ai_bucket/game_builds/69a1a52bddccbd191280e7eb/69c116571948e9a06eff7486/android/20260323103656_55840798fd0447f0bce15f3e85c553c3_Diamond League Hatchback.apk
2026-03-23 19:07:31 | INFO     | agent.services.android_build_runner | Installing APK on RZCW31HH47R (package=cricketgames.hitwicket.strategy)
2026-03-23 19:07:31 | INFO     | agent.services.android_build_runner | Launching cricketgames.hitwicket.strategy / com.unity3d.player.UnityPlayerActivity
2026-03-23 19:07:31 | INFO     | agent.appium_manager                | 📱 Using device with UDID: RZCW31HH47R
2026-03-23 19:07:31 | INFO     | agent.appium_manager                | 🎯 Appium will launch app: cricketgames.hitwicket.strategy
2026-03-23 19:07:31 | INFO     | agent.appium_manager                | 🔌 Connecting to Appium server at http://localhost:4723...
2026-03-23 19:07:35 | INFO     | agent.appium_manager                | ✅ Appium session started: 6995d4a6-47d9-402e-aedf-0e665d65cb54
2026-03-23 19:07:35 | INFO     | agent.services.execution_service    | Starting execution 69c1421b9253743a7dc9fd24 on device RZCW31HH47R
2026-03-23 19:07:35 | INFO     | agent.services.execution_service    | 
================================================================================
🎮 Step 0 | Run 69c1421b
================================================================================
2026-03-23 19:07:35 | INFO     | agent.services.execution_service    | 
============================================================
📋 CURRENT TODO LIST:
============================================================
Current Todo List:

[PENDING] [S1] [ACTION] Launch the game in offline mode.
[PENDING] [S2] [VERIFY] Confirm the game loads to the initial startup screen without network errors. (depends on: S1)
[PENDING] [S3] [ACTION] Select a country on the Country Selection screen. (depends on: S2)
[PENDING] [S4] [VERIFY] Verify that the selected country is highlighted and the app transitions to the next state. (depends on: S3)
[PENDING] [S5] [ACTION] Interact with the Back and Submit buttons on the City Selection screen. (depends on: S4)
[PENDING] [S6] [VERIFY] Confirm that the Back and Submit buttons on the City Selection screen respond to user input. (depends on: S5)
[PENDING] [S7] [ACTION] Progress through the narrative slides using Skip and Next buttons. (depends on: S6)
[PENDING] [S8] [VERIFY] Verify that narrative slides display correctly and the Skip/Next buttons are functional. (depends on: S7)
[PENDING] [S9] [ACTION] Proceed to the player scouting screen as guided by Natasha/Harsha's dialogue. (depends on: S8)
[PENDING] [S10] [VERIFY] Confirm that the scouting dialogue from Natasha/Harsha is visible. (depends on: S9)
[PENDING] [S11] [ACTION] Perform a scroll and attempt to scout the available player. (depends on: S10)
[PENDING] [S12] [VERIFY] Verify that only the 'Master Blaster' player is scoutable and their information appears after the scroll animation. (depends on: S11)
[PENDING] [S13] [ACTION] Start Match 1 and observe the initial instructions. (depends on: S12)
[PENDING] [S14] [VERIFY] Verify the dialogue 'Score 18 runs in 2 overs' appears and soft nudges highlight the players. (depends on: S13)
[PENDING] [S15] [ACTION] Tap on a play card (0, 1, 2, 4, or 6) to hit a shot. (depends on: S14)
[PENDING] [S16] [VERIFY] Confirm that success rates are highlighted on cards and no extra 'Hit' button is required for standard shots. (depends on: S15)
[PENDING] [S17] [ACTION] Score a six by selecting the corresponding play card. (depends on: S15)
[PENDING] [S18] [VERIFY] Verify that a screen shatter animation triggers upon hitting a successful six. (depends on: S17)
[PENDING] [S19] [ACTION] Select 0, 1, or 2 cards until the mana meter is full, then click the shining Smash/SA button. (depends on: S15)
[PENDING] [S20] [VERIFY] Confirm the SA info screen appears and a fire animation triggers if a boundary is scored. (depends on: S19)
[PENDING] [S21] [ACTION] Finish the match by reaching the target score. (depends on: S19)
[PENDING] [S22] [VERIFY] Verify the victory screen displays a player dance animation. (depends on: S21)
[PENDING] [S23] [ACTION] Open the player training menu from the dashboard using the guided tutorial. (depends on: S22)
[PENDING] [S24] [VERIFY] Verify that TP (Training Points) dialogue appears and UI buttons other than 'Train' are locked. (depends on: S23)
[PENDING] [S25] [ACTION] Train the player until they reach Level 5. (depends on: S24)
[PENDING] [S26] [VERIFY] Confirm the player reaches Level 5 and the 'Train' highlight disappears. (depends on: S25)
============================================================
2026-03-23 19:07:36 | INFO     | agent.services.execution_service    | 💾 step_0.png (captured in 0.70s)
2026-03-23 19:07:36 | INFO     | agent.context.context_service       | 🆕 No cached annotation yet, running first annotation
2026-03-23 19:07:36 | INFO     | agent.vision_element_detector       | 🔍 Vision detection
2026-03-23 19:07:37 | INFO     | agent.vision_element_detector       | ⏱️  Vision API response time: 1.48s
2026-03-23 19:07:37 | INFO     | agent.vision_element_detector       | ✅ Detected 0 elements via vision
2026-03-23 19:07:37 | DEBUG    | agent.context.context_service       | 💾 Annotation cache updated for step 0
2026-03-23 19:07:40 | ERROR    | agent.services.execution_service    | Execution 69c1421b9253743a7dc9fd24 failed: 400 GET https://storage.googleapis.com/storage/v1/b/rovix_ai_bucket/o/screenshots%2F69c1421b9253743a7dc9fd24%2Fstep_0.png/acl?prettyPrint=false: Cannot get legacy ACL for an object when uniform bucket-level access is enabled. Read more at https://cloud.google.com/storage/docs/uniform-bucket-level-access
Traceback (most recent call last):
  File "/Users/ayushsingh/Documents/programming/alttester/src/services/execution_service.py", line 177, in _run_execution
    end_game = await self._handle_step(session, step_num)
               ^^^^^^^^^^^^^^^^^^^^^^^^^^^^^^^^^^^^^^^^^^
  File "/Users/ayushsingh/Documents/programming/alttester/src/services/execution_service.py", line 235, in _handle_step
    screenshot_url = await self._upload_screenshot(screenshot_path, session.execution_run_id, step_num)
                     ^^^^^^^^^^^^^^^^^^^^^^^^^^^^^^^^^^^^^^^^^^^^^^^^^^^^^^^^^^^^^^^^^^^^^^^^^^^^^^^^^^
  File "/Users/ayushsingh/Documents/programming/alttester/src/services/execution_service.py", line 386, in _upload_screenshot
    url = await asyncio.to_thread(_do_upload)
          ^^^^^^^^^^^^^^^^^^^^^^^^^^^^^^^^^^^
  File "/opt/homebrew/Cellar/python@3.14/3.14.3_1/Frameworks/Python.framework/Versions/3.14/lib/python3.14/asyncio/threads.py", line 25, in to_thread
    return await loop.run_in_executor(None, func_call)
           ^^^^^^^^^^^^^^^^^^^^^^^^^^^^^^^^^^^^^^^^^^^
  File "/opt/homebrew/Cellar/python@3.14/3.14.3_1/Frameworks/Python.framework/Versions/3.14/lib/python3.14/concurrent/futures/thread.py", line 86, in run
    result = ctx.run(self.task)
  File "/opt/homebrew/Cellar/python@3.14/3.14.3_1/Frameworks/Python.framework/Versions/3.14/lib/python3.14/concurrent/futures/thread.py", line 73, in run
    return fn(*args, **kwargs)
  File "/Users/ayushsingh/Documents/programming/alttester/src/services/execution_service.py", line 383, in _do_upload
    blob.make_public()
    ~~~~~~~~~~~~~~~~^^
  File "/Users/ayushsingh/Documents/programming/alttester/venv/lib/python3.14/site-packages/google/cloud/storage/blob.py", line 3778, in make_public
    self.acl.all().grant_read()
    ~~~~~~~~~~~~^^
  File "/Users/ayushsingh/Documents/programming/alttester/venv/lib/python3.14/site-packages/google/cloud/storage/acl.py", line 324, in all
    return self.entity("allUsers")
           ~~~~~~~~~~~^^^^^^^^^^^^
  File "/Users/ayushsingh/Documents/programming/alttester/venv/lib/python3.14/site-packages/google/cloud/storage/acl.py", line 279, in entity
    if self.has_entity(entity):
       ~~~~~~~~~~~~~~~^^^^^^^^
  File "/Users/ayushsingh/Documents/programming/alttester/venv/lib/python3.14/site-packages/google/cloud/storage/acl.py", line 230, in has_entity
    self._ensure_loaded()
    ~~~~~~~~~~~~~~~~~~~^^
  File "/Users/ayushsingh/Documents/programming/alttester/venv/lib/python3.14/site-packages/google/cloud/storage/acl.py", line 157, in _ensure_loaded
    self.reload(timeout=timeout)
    ~~~~~~~~~~~^^^^^^^^^^^^^^^^^
  File "/Users/ayushsingh/Documents/programming/alttester/venv/lib/python3.14/site-packages/google/cloud/storage/acl.py", line 391, in reload
    found = client._get_resource(
        path,
    ...<2 lines>...
        retry=retry,
    )
  File "/Users/ayushsingh/Documents/programming/alttester/venv/lib/python3.14/site-packages/google/cloud/storage/client.py", line 523, in _get_resource
    return self._connection.api_request(
           ~~~~~~~~~~~~~~~~~~~~~~~~~~~~^
        method="GET",
        ^^^^^^^^^^^^^
    ...<5 lines>...
        _target_object=_target_object,
        ^^^^^^^^^^^^^^^^^^^^^^^^^^^^^^
    )
    ^
  File "/Users/ayushsingh/Documents/programming/alttester/venv/lib/python3.14/site-packages/google/cloud/storage/_http.py", line 90, in api_request
    return call()
  File "/Users/ayushsingh/Documents/programming/alttester/venv/lib/python3.14/site-packages/google/api_core/retry/retry_unary.py", line 294, in retry_wrapped_func
    return retry_target(
        target,
    ...<3 lines>...
        on_error=on_error,
    )
  File "/Users/ayushsingh/Documents/programming/alttester/venv/lib/python3.14/site-packages/google/api_core/retry/retry_unary.py", line 156, in retry_target
    next_sleep = _retry_error_helper(
        exc,
    ...<6 lines>...
        timeout,
    )
  File "/Users/ayushsingh/Documents/programming/alttester/venv/lib/python3.14/site-packages/google/api_core/retry/retry_base.py", line 214, in _retry_error_helper
    raise final_exc from source_exc
  File "/Users/ayushsingh/Documents/programming/alttester/venv/lib/python3.14/site-packages/google/api_core/retry/retry_unary.py", line 147, in retry_target
    result = target()
  File "/Users/ayushsingh/Documents/programming/alttester/venv/lib/python3.14/site-packages/google/cloud/_http/__init__.py", line 494, in api_request
    raise exceptions.from_http_response(response)
google.api_core.exceptions.BadRequest: 400 GET https://storage.googleapis.com/storage/v1/b/rovix_ai_bucket/o/screenshots%2F69c1421b9253743a7dc9fd24%2Fstep_0.png/acl?prettyPrint=false: Cannot get legacy ACL for an object when uniform bucket-level access is enabled. Read more at https://cloud.google.com/storage/docs/uniform-bucket-level-access
